<?xml version="1.0" encoding="UTF-8"?>
<testsuite xmlns:xsi="http://www.w3.org/2001/XMLSchema-instance" xsi:schemaLocation="https://maven.apache.org/surefire/maven-surefire-plugin/xsd/surefire-test-report.xsd" name="TestSuite" time="5.923" tests="6" errors="0" skipped="4" failures="2">
  <properties>
[...]
</properties>
  <testcase name="setUp" classname="org.mindbenders.makemytrip.MakeMyTrip" time="0.45">
    <failure message="The driver is not executable: /Users/Shiva.P/Desktop/MindBenders_HeadSpin_Hackathon/drivers/chromedriver" type="java.lang.IllegalStateException">java.lang.IllegalStateException: The driver is not executable: /Users/Shiva.P/Desktop/MindBenders_HeadSpin_Hackathon/drivers/chromedriver
	at org.mindbenders.makemytrip.MakeMyTrip.setUp(MakeMyTrip.java:23)
</failure>
  </testcase>
  <testcase name="loginAdnVerify" classname="org.mindbenders.makemytrip.MakeMyTrip" time="0">
    <skipped/>
  </testcase>
  <testcase name="bookHotel" classname="org.mindbenders.makemytrip.MakeMyTrip" time="0">
    <skipped/>
  </testcase>
  <testcase name="travellerDetails" classname="org.mindbenders.makemytrip.MakeMyTrip" time="0">
    <skipped/>
  </testcase>
  <testcase name="verifyDetails" classname="org.mindbenders.makemytrip.MakeMyTrip" time="0">
    <skipped/>
  </testcase>
  <testcase name="tearDown" classname="org.mindbenders.makemytrip.MakeMyTrip" time="5.028">
    <failure message="Cannot invoke &quot;org.openqa.selenium.WebDriver.manage()&quot; because &quot;org.mindbenders.makemytrip.base.TestBase.driver&quot; is null" type="java.lang.NullPointerException">java.lang.NullPointerException: Cannot invoke "org.openqa.selenium.WebDriver.manage()" because "org.mindbenders.makemytrip.base.TestBase.driver" is null
	at org.mindbenders.makemytrip.MakeMyTrip.tearDown(MakeMyTrip.java:57)
</failure>
  </testcase>
</testsuite>